2025-07-13 08:47:01,843 - __main__ - INFO - Initializing Supabase client with URL: https://ktwemgwubqvnmmgrixdg.supabase.co
2025-07-13 08:47:01,845 - __main__ - DEBUG - Parsed URL - Hostname: ktwemgwubqvnmmgrixdg.supabase.co
2025-07-13 08:47:03,894 - __main__ - INFO - Supabase client initialized successfully
2025-07-13 08:47:04,839 - __main__ - ERROR - Failed to enable pgvector extension: SyncPostgrestClient.rpc() missing 1 required positional argument: 'params'
Traceback (most recent call last):
  File "D:\777\Political-Campaign-PoC\scripts\setup_db.py", line 48, in setup_supabase
    supabase.postgrest.rpc("CREATE EXTENSION IF NOT EXISTS vector;").execute()
    ~~~~~~~~~~~~~~~~~~~~~~^^^^^^^^^^^^^^^^^^^^^^^^^^^^^^^^^^^^^^^^^^
TypeError: SyncPostgrestClient.rpc() missing 1 required positional argument: 'params'
2025-07-13 08:50:55,336 - __main__ - INFO - Initializing Supabase client with URL: https://ktwemgwubqvnmmgrixdg.supabase.co
2025-07-13 08:50:55,336 - __main__ - DEBUG - Parsed URL - Hostname: ktwemgwubqvnmmgrixdg.supabase.co
2025-07-13 08:50:56,361 - __main__ - INFO - Supabase client initialized successfully
2025-07-13 08:50:57,135 - httpcore.connection - DEBUG - connect_tcp.started host='ktwemgwubqvnmmgrixdg.supabase.co' port=443 local_address=None timeout=120 socket_options=None
2025-07-13 08:50:57,457 - httpcore.connection - DEBUG - connect_tcp.complete return_value=<httpcore._backends.sync.SyncStream object at 0x000001832B1F7E00>
2025-07-13 08:50:57,457 - httpcore.connection - DEBUG - start_tls.started ssl_context=<ssl.SSLContext object at 0x000001832B22E210> server_hostname='ktwemgwubqvnmmgrixdg.supabase.co' timeout=120
2025-07-13 08:50:57,773 - httpcore.connection - DEBUG - start_tls.complete return_value=<httpcore._backends.sync.SyncStream object at 0x000001832B252490>
2025-07-13 08:50:57,774 - httpcore.http2 - DEBUG - send_connection_init.started request=<Request [b'GET']>
2025-07-13 08:50:57,774 - httpcore.http2 - DEBUG - send_connection_init.complete
2025-07-13 08:50:57,775 - httpcore.http2 - DEBUG - send_request_headers.started request=<Request [b'GET']> stream_id=1
2025-07-13 08:50:57,776 - hpack.hpack - DEBUG - Adding (b':method', b'GET') to the header table, sensitive:False, huffman:True
2025-07-13 08:50:57,776 - hpack.hpack - DEBUG - Encoding 2 with 7 bits
2025-07-13 08:50:57,776 - hpack.hpack - DEBUG - Adding (b':authority', b'ktwemgwubqvnmmgrixdg.supabase.co') to the header table, sensitive:False, huffman:True
2025-07-13 08:50:57,776 - hpack.hpack - DEBUG - Encoding 1 with 6 bits
2025-07-13 08:50:57,777 - hpack.hpack - DEBUG - Encoding 24 with 7 bits
2025-07-13 08:50:57,777 - hpack.hpack - DEBUG - Adding (b':scheme', b'https') to the header table, sensitive:False, huffman:True
2025-07-13 08:50:57,777 - hpack.hpack - DEBUG - Encoding 7 with 7 bits
2025-07-13 08:50:57,777 - hpack.hpack - DEBUG - Adding (b':path', b'/rest/v1/profiles?select=%2A&limit=1') to the header table, sensitive:False, huffman:True
2025-07-13 08:50:57,777 - hpack.hpack - DEBUG - Encoding 4 with 6 bits
2025-07-13 08:50:57,778 - hpack.hpack - DEBUG - Encoding 26 with 7 bits
2025-07-13 08:50:57,778 - hpack.hpack - DEBUG - Adding (b'accept', b'*/*') to the header table, sensitive:False, huffman:True
2025-07-13 08:50:57,778 - hpack.hpack - DEBUG - Encoding 19 with 6 bits
2025-07-13 08:50:57,779 - hpack.hpack - DEBUG - Encoding 3 with 7 bits
2025-07-13 08:50:57,779 - hpack.hpack - DEBUG - Adding (b'accept-encoding', b'gzip, deflate, zstd') to the header table, sensitive:False, huffman:True
2025-07-13 08:50:57,779 - hpack.hpack - DEBUG - Encoding 16 with 6 bits
2025-07-13 08:50:57,779 - hpack.hpack - DEBUG - Encoding 15 with 7 bits
2025-07-13 08:50:57,779 - hpack.hpack - DEBUG - Adding (b'user-agent', b'python-httpx/0.28.1') to the header table, sensitive:False, huffman:True
2025-07-13 08:50:57,780 - hpack.hpack - DEBUG - Encoding 58 with 6 bits
2025-07-13 08:50:57,780 - hpack.hpack - DEBUG - Encoding 14 with 7 bits
2025-07-13 08:50:57,780 - hpack.hpack - DEBUG - Adding (b'x-client-info', b'supabase-py/2.16.0') to the header table, sensitive:False, huffman:True
2025-07-13 08:50:57,780 - hpack.hpack - DEBUG - Encoding 10 with 7 bits
2025-07-13 08:50:57,781 - hpack.hpack - DEBUG - Encoding 13 with 7 bits
2025-07-13 08:50:57,781 - hpack.hpack - DEBUG - Adding (b'apikey', b'eyJhbGciOiJIUzI1NiIsInR5cCI6IkpXVCJ9.eyJpc3MiOiJzdXBhYmFzZSIsInJlZiI6Imt0d2VtZ3d1YnF2bm1tZ3JpeGRnIiwicm9sZSI6ImFub24iLCJpYXQiOjE3NTIxMzQ5NTUsImV4cCI6MjA2NzcxMDk1NX0.CHxKFUjuIGo3aiPpvk6DCkv4itj1DteE6cuf9DrXX7c') to the header table, sensitive:False, huffman:True
2025-07-13 08:50:57,781 - hpack.hpack - DEBUG - Encoding 5 with 7 bits
2025-07-13 08:50:57,781 - hpack.hpack - DEBUG - Encoding 166 with 7 bits
2025-07-13 08:50:57,782 - hpack.hpack - DEBUG - Adding (b'authorization', b'Bearer eyJhbGciOiJIUzI1NiIsInR5cCI6IkpXVCJ9.eyJpc3MiOiJzdXBhYmFzZSIsInJlZiI6Imt0d2VtZ3d1YnF2bm1tZ3JpeGRnIiwicm9sZSI6ImFub24iLCJpYXQiOjE3NTIxMzQ5NTUsImV4cCI6MjA2NzcxMDk1NX0.CHxKFUjuIGo3aiPpvk6DCkv4itj1DteE6cuf9DrXX7c') to the header table, sensitive:True, huffman:True
2025-07-13 08:50:57,782 - hpack.hpack - DEBUG - Encoding 23 with 4 bits
2025-07-13 08:50:57,782 - hpack.hpack - DEBUG - Encoding 171 with 7 bits
2025-07-13 08:50:57,782 - hpack.hpack - DEBUG - Adding (b'accept-profile', b'public') to the header table, sensitive:False, huffman:True
2025-07-13 08:50:57,782 - hpack.hpack - DEBUG - Encoding 10 with 7 bits
2025-07-13 08:50:57,783 - hpack.hpack - DEBUG - Encoding 5 with 7 bits
2025-07-13 08:50:57,783 - hpack.hpack - DEBUG - Adding (b'content-profile', b'public') to the header table, sensitive:False, huffman:True
2025-07-13 08:50:57,783 - hpack.hpack - DEBUG - Encoding 11 with 7 bits
2025-07-13 08:50:57,783 - hpack.hpack - DEBUG - Encoding 5 with 7 bits
2025-07-13 08:50:57,784 - hpack.hpack - DEBUG - Encoded header block to b"\x82A\x98\xea\x9f\x05\xa6o\x16\xc7\xdb\xbdT\xd35\x86\xf3$\xcb\xa2\xda\xc7\x18\xd0U\xc8\x7f\x87D\x9ab\xc2\xa1,w\x0b\x15\xd8yMAQ\xfe \xb4\x14\x89\x81QC\xf1A\xa92`\x0fS\x83\xf9c\xe7P\x8f\x9b\xd9\xab\xfaRB\xcb@\xd2_\xa5=\xa12\x7fz\x8e\xaf\xd2g=KN\x94\xd7\xe5\x80.'\x97\x0f@\x8a\xf2\xb1(1jJ\xc6\xaaS\xff\x8dE\xb5\x8e1\xa0\xabW\xe9\x81.\x17\x17\x07@\x85\x1df\xea__\xff'/\xac\xb3\xc7\x88\x86\xd4l\xb98{\xc8\x1d&\xc8\x8c\x95ml\x97\xb29\x93\xad\x7f\x9coe}r\xfa\xcbY\x19\xd0mF\xcb\xeeO\xcb\xb3\xf3\xa7\x0f\xbf\xdd\xd9\x11\x92\xac\xb4~\x9b#\x99)H$\x17\x14\xfe\xb3 y\xd5\x84Q\xd2\x14\xfe\xb3\x96\xb2\xe2\xdbVCx1)}\x1f\xbb\xb29\x92\x9c6\xc6&\x8d\x9e\xf6Z\xf9\xfel6\xae\x98\x19\xd3\xbf'\x9d\x1e\xf67\xa7\x7f\x04d\xa7\x8bD\xbd\x91\xcd\x1d!\x16\x9fd\xf3\xa2\xffP\xe9\xfc\x02\xf7\xb1\xf9\xcd\x87\x87Krb;#6\xba\xfb\xf5r\xfd\xee\xbd\xda2z\x06\xfaK\x81\xc2[+\xf7\xec\xfc\xfct\x9f\x1f\x08\xff,\xbaQ\xd8[\x14/\xac\xb3\xc7\x88\x86\xd4l\xb98{\xc8\x1d&\xc8\x8c\x95ml\x97\xb29\x93\xad\x7f\x9coe}r\xfa\xcbY\x19\xd0mF\xcb\xeeO\xcb\xb3\xf3\xa7\x0f\xbf\xdd\xd9\x11\x92\xac\xb4~\x9b#\x99)H$\x17\x14\xfe\xb3 y\xd5\x84Q\xd2\x14\xfe\xb3\x96\xb2\xe2\xdbVCx1)}\x1f\xbb\xb29\x92\x9c6\xc6&\x8d\x9e\xf6Z\xf9\xfel6\xae\x98\x19\xd3\xbf'\x9d\x1e\xf67\xa7\x7f\x04d\xa7\x8bD\xbd\x91\xcd\x1d!\x16\x9fd\xf3\xa2\xffP\xe9\xfc\x02\xf7\xb1\xf9\xcd\x87\x87Krb;#6\xba\xfb\xf5r\xfd\xee\xbd\xda2z\x06\xfaK\x81\xc2[+\xf7\xec\xfc\xfct\x9f@\x8a\x19\x08Z\xd2\xb5v\x1eSP_\x85\xae\xd8\xe81?@\x8b!\xeaIjJ\xd5\xd8yMA\x7f\x85\xae\xd8\xe81?"
2025-07-13 08:50:57,785 - httpcore.http2 - DEBUG - send_request_headers.complete
2025-07-13 08:50:57,786 - httpcore.http2 - DEBUG - send_request_body.started request=<Request [b'GET']> stream_id=1
2025-07-13 08:50:57,786 - httpcore.http2 - DEBUG - send_request_body.complete
2025-07-13 08:50:57,786 - httpcore.http2 - DEBUG - receive_response_headers.started request=<Request [b'GET']> stream_id=1
2025-07-13 08:50:58,735 - httpcore.http2 - DEBUG - receive_remote_settings.started
2025-07-13 08:50:58,736 - httpcore.http2 - DEBUG - receive_remote_settings.complete return_value=<RemoteSettingsChanged changed_settings:{ChangedSetting(setting=3, original_value=None, new_value=100), ChangedSetting(setting=4, original_value=65535, new_value=65536), ChangedSetting(setting=5, original_value=16384, new_value=16777215)}>
2025-07-13 08:50:59,768 - hpack.hpack - DEBUG - Decoding b'?\xe1\x1f\x88a\x97\xddm_J\x05\x952\xdbB\x82\x00\x9bP\r\xdcl\x17\x1byLZ7\xff_\x96\x1du\xd0b\r&=LtA\xea\xfbP\x93\x8e\xc4\x150Z\x99V{^\x03*/*@\x85$\xabX?_\x8f}\xb2\xb8\xf0]\x18\xa3v7Yy\xe5\xb2\xe9\xbb@\x8a$\xab\x10d\x9c\xab!#M\xa8\x86\xbf\xcfL:2^Z\x83\x9b\xd9\xab]\x94b\xbb\x0f)\xa8*?\xca\rI\x93\x00~\x10Z\nD\xc0\xa8\xa1x\xa0\xa4~V\x1c\xc5\x81\x90\xb6\xcb\x80\x00>\xd45D\xa2\xd9\x0b\xba\xd8\xef\x9e\x91\x9a\xa4}\xa9]\x85\xa0\xe3\x93{\x8b\x84\x84-i[\x05D<\x86\xaao@\x8b!\xeaIjJ\xd5\xd8yMA\x7f\x85\xae\xd8\xe81?@\x8dDkL4\x97\xc0\xfd-\xdc\xb6 \xc7\xab\x011@\x8aDkWa\xfa\x14\x89Z\xc2\xcb\x90\xea\x9f\x05\xa6o\x16\xc7\xdb\xbdT\xd35\x86\xf3$\xdf@\x90\xf2\xb1\x0fRKRVO\xaa\xca\xb1\xebI\x8fR?\x85\xa8\xe8\xa8\xd2\xcb@\x8f\xf2\xb1j\xee\x7fK\r)-5\xa5b\x1e\xda\x93\x011@\x95\xf2\xb1j\xee\x7fK[Z\x13aGJ\xc8-\x9d\xccB\xac\x93R_\x0288w\xffV\x8a"K\x14t\xc1\xc6\x9b4`w\xdf\x06\xde\xf28\xff9\x11\xd07\x99\xd6\xc1\xd3\xcf\x10\xe1s\x86\xab\xdexx\x93\x07\x0b8g:\x16\x0b\xad\x89\x97\x9by\xb7\x96\n\xe0\\+\x85l\x1e\xb1\xa1}t\xa7d\xc3\xa5\x9b\xb82\xb2nP\xc6\\|EmZ\xb4kG=\xb24\xee\xef]c.\xdb;\x97\x06\xe7\xb67\xe7pZwP\x1b\x03$x\xba\xb4>\xe6=\x19\xda\xdf\xb1\xdbw\xdb7nY\xa9\xe7\x8e\xf3\xda\x8e\xcbwk\xdd\xa7\xbe\x98\xb8\xdf\x0fd\x04^I\xd7\xedJ\xc6\x99\xe0c\xedB\xf9\xac\xd6\x15\x10n\xb6\xaf\xa5\x02\xca\xd9m\xa1a6\xa0\x1c\xb8 \\m\xe51h\xdf\xf6\xa4\x87\xa4f\xaa\x05\xd1mc\x8ch*\xe4?\xda\x98\xd2\x9a\xf5UG\xaf\xb57\x14\x96\xd8_\xb57\x0e\x92\xee2K\x06\x93\xd4_v\x87%\x07\xb6Ih\x1d\x85@\x85\x1d\tY\x1d\xc9\x90\x9d\x98?\x9b\x8d4\xcf\xf3\xf6\xa5#\x81\xe7\x1a\x00?'
2025-07-13 08:50:59,770 - hpack.hpack - DEBUG - Decoded 4096, consumed 3 bytes
2025-07-13 08:50:59,770 - hpack.table - DEBUG - Resizing header table to 4096 from 4096
2025-07-13 08:50:59,770 - hpack.hpack - DEBUG - Decoded 8, consumed 1 bytes
2025-07-13 08:50:59,770 - hpack.hpack - DEBUG - Decoded (b':status', b'200'), consumed 1
2025-07-13 08:50:59,771 - hpack.hpack - DEBUG - Decoded 33, consumed 1 bytes
2025-07-13 08:50:59,771 - hpack.hpack - DEBUG - Decoded 23, consumed 1 bytes
2025-07-13 08:50:59,771 - hpack.hpack - DEBUG - Decoded (b'date', b'Sun, 13 Jul 2025 05:50:58 GMT'), total consumed 25 bytes, indexed True
2025-07-13 08:50:59,771 - hpack.hpack - DEBUG - Decoded 31, consumed 1 bytes
2025-07-13 08:50:59,771 - hpack.hpack - DEBUG - Decoded 22, consumed 1 bytes
2025-07-13 08:50:59,772 - hpack.hpack - DEBUG - Decoded (b'content-type', b'application/json; charset=utf-8'), total consumed 24 bytes, indexed True
2025-07-13 08:50:59,772 - hpack.hpack - DEBUG - Decoded 30, consumed 1 bytes
2025-07-13 08:50:59,772 - hpack.hpack - DEBUG - Decoded 3, consumed 1 bytes
2025-07-13 08:50:59,772 - hpack.hpack - DEBUG - Decoded (b'content-range', <memory at 0x000001832B29C4C0>), total consumed 5 bytes, indexed True
2025-07-13 08:50:59,772 - hpack.hpack - DEBUG - Decoded 5, consumed 1 bytes
2025-07-13 08:50:59,773 - hpack.hpack - DEBUG - Decoded 15, consumed 1 bytes
2025-07-13 08:50:59,773 - hpack.hpack - DEBUG - Decoded (b'cf-ray', b'95e6817a2b7b7388-JNB'), total consumed 23 bytes, indexed True
2025-07-13 08:50:59,773 - hpack.hpack - DEBUG - Decoded 10, consumed 1 bytes
2025-07-13 08:50:59,773 - hpack.hpack - DEBUG - Decoded 6, consumed 1 bytes
2025-07-13 08:50:59,773 - hpack.hpack - DEBUG - Decoded (b'cf-cache-status', b'DYNAMIC'), total consumed 19 bytes, indexed True
2025-07-13 08:50:59,774 - hpack.hpack - DEBUG - Decoded 26, consumed 1 bytes
2025-07-13 08:50:59,774 - hpack.hpack - DEBUG - Decoded 3, consumed 1 bytes
2025-07-13 08:50:59,774 - hpack.hpack - DEBUG - Decoded (b'content-encoding', b'gzip'), total consumed 5 bytes, indexed True
2025-07-13 08:50:59,774 - hpack.hpack - DEBUG - Decoded 29, consumed 1 bytes
2025-07-13 08:50:59,775 - hpack.hpack - DEBUG - Decoded 20, consumed 1 bytes
2025-07-13 08:50:59,775 - hpack.hpack - DEBUG - Decoded (b'content-location', b'/profiles?limit=1&select=%2A'), total consumed 22 bytes, indexed True
2025-07-13 08:50:59,775 - hpack.hpack - DEBUG - Decoded 56, consumed 1 bytes
2025-07-13 08:50:59,775 - hpack.hpack - DEBUG - Decoded 32, consumed 1 bytes
2025-07-13 08:50:59,775 - hpack.hpack - DEBUG - Decoded (b'strict-transport-security', b'max-age=31536000; includeSubDomains; preload'), total consumed 34 bytes, indexed True
2025-07-13 08:50:59,776 - hpack.hpack - DEBUG - Decoded 59, consumed 1 bytes
2025-07-13 08:50:59,776 - hpack.hpack - DEBUG - Decoded 11, consumed 1 bytes
2025-07-13 08:50:59,776 - hpack.hpack - DEBUG - Decoded (b'vary', b'Accept-Encoding'), total consumed 13 bytes, indexed True
2025-07-13 08:50:59,776 - hpack.hpack - DEBUG - Decoded 11, consumed 1 bytes
2025-07-13 08:50:59,777 - hpack.hpack - DEBUG - Decoded 5, consumed 1 bytes
2025-07-13 08:50:59,777 - hpack.hpack - DEBUG - Decoded (b'content-profile', b'public'), total consumed 19 bytes, indexed True
2025-07-13 08:50:59,777 - hpack.hpack - DEBUG - Decoded 13, consumed 1 bytes
2025-07-13 08:50:59,777 - hpack.hpack - DEBUG - Decoded 1, consumed 1 bytes
2025-07-13 08:50:59,777 - hpack.hpack - DEBUG - Decoded (b'sb-gateway-version', <memory at 0x000001832B29C340>), total consumed 17 bytes, indexed True
2025-07-13 08:50:59,778 - hpack.hpack - DEBUG - Decoded 10, consumed 1 bytes
2025-07-13 08:50:59,778 - hpack.hpack - DEBUG - Decoded 16, consumed 1 bytes
2025-07-13 08:50:59,778 - hpack.hpack - DEBUG - Decoded (b'sb-project-ref', b'ktwemgwubqvnmmgrixdg'), total consumed 29 bytes, indexed True
2025-07-13 08:50:59,778 - hpack.hpack - DEBUG - Decoded 16, consumed 1 bytes
2025-07-13 08:50:59,778 - hpack.hpack - DEBUG - Decoded 5, consumed 1 bytes
2025-07-13 08:50:59,779 - hpack.hpack - DEBUG - Decoded (b'x-content-type-options', b'nosniff'), total consumed 24 bytes, indexed True
2025-07-13 08:50:59,779 - hpack.hpack - DEBUG - Decoded 15, consumed 1 bytes
2025-07-13 08:50:59,779 - hpack.hpack - DEBUG - Decoded 1, consumed 1 bytes
2025-07-13 08:50:59,779 - hpack.hpack - DEBUG - Decoded (b'x-envoy-attempt-count', <memory at 0x000001832B29C280>), total consumed 19 bytes, indexed True
2025-07-13 08:50:59,779 - hpack.hpack - DEBUG - Decoded 21, consumed 1 bytes
2025-07-13 08:50:59,780 - hpack.hpack - DEBUG - Decoded 2, consumed 1 bytes
2025-07-13 08:50:59,780 - hpack.hpack - DEBUG - Decoded (b'x-envoy-upstream-service-time', <memory at 0x000001832B29C580>), total consumed 26 bytes, indexed True
2025-07-13 08:50:59,780 - hpack.hpack - DEBUG - Decoded 55, consumed 1 bytes
2025-07-13 08:50:59,780 - hpack.hpack - DEBUG - Decoded 213, consumed 2 bytes
2025-07-13 08:50:59,781 - hpack.hpack - DEBUG - Decoded (b'set-cookie', b'__cf_bm=VmrME7zU58xabXWc705K750jxV1F6UOCxUwdEUrULos-1752385858-1.0.1.1-EyHs.PmtQgam3BEJ3iWAbeHV2unOMPsYRd47SykbeRrveES8Q5xS147O0503c8eOM96HML4TQ7uTugqWKmYHC8Oo35BpSNvN_VD1qs12xck; path=/; expires=Sun, 13-Jul-25 06:20:58 GMT; domain=.supabase.co; HttpOnly; Secure; SameSite=None'), total consumed 216 bytes, indexed True
2025-07-13 08:50:59,781 - hpack.hpack - DEBUG - Decoded 54, consumed 1 bytes
2025-07-13 08:50:59,782 - hpack.hpack - DEBUG - Decoded 7, consumed 1 bytes
2025-07-13 08:50:59,782 - hpack.hpack - DEBUG - Decoded (b'server', b'cloudflare'), total consumed 9 bytes, indexed True
2025-07-13 08:50:59,782 - hpack.hpack - DEBUG - Decoded 5, consumed 1 bytes
2025-07-13 08:50:59,782 - hpack.hpack - DEBUG - Decoded 16, consumed 1 bytes
2025-07-13 08:50:59,782 - hpack.hpack - DEBUG - Decoded (b'alt-svc', b'h3=":443"; ma=86400'), total consumed 24 bytes, indexed True
2025-07-13 08:50:59,783 - httpcore.http2 - DEBUG - receive_response_headers.complete return_value=(200, [(b'date', b'Sun, 13 Jul 2025 05:50:58 GMT'), (b'content-type', b'application/json; charset=utf-8'), (b'content-range', b'*/*'), (b'cf-ray', b'95e6817a2b7b7388-JNB'), (b'cf-cache-status', b'DYNAMIC'), (b'content-encoding', b'gzip'), (b'content-location', b'/profiles?limit=1&select=%2A'), (b'strict-transport-security', b'max-age=31536000; includeSubDomains; preload'), (b'vary', b'Accept-Encoding'), (b'content-profile', b'public'), (b'sb-gateway-version', b'1'), (b'sb-project-ref', b'ktwemgwubqvnmmgrixdg'), (b'x-content-type-options', b'nosniff'), (b'x-envoy-attempt-count', b'1'), (b'x-envoy-upstream-service-time', b'88'), (b'set-cookie', b'__cf_bm=VmrME7zU58xabXWc705K750jxV1F6UOCxUwdEUrULos-1752385858-1.0.1.1-EyHs.PmtQgam3BEJ3iWAbeHV2unOMPsYRd47SykbeRrveES8Q5xS147O0503c8eOM96HML4TQ7uTugqWKmYHC8Oo35BpSNvN_VD1qs12xck; path=/; expires=Sun, 13-Jul-25 06:20:58 GMT; domain=.supabase.co; HttpOnly; Secure; SameSite=None'), (b'server', b'cloudflare'), (b'alt-svc', b'h3=":443"; ma=86400')])
2025-07-13 08:50:59,786 - httpx - INFO - HTTP Request: GET https://ktwemgwubqvnmmgrixdg.supabase.co/rest/v1/profiles?select=%2A&limit=1 "HTTP/2 200 OK"
2025-07-13 08:50:59,787 - httpcore.http2 - DEBUG - receive_response_body.started request=<Request [b'GET']> stream_id=1
2025-07-13 08:50:59,789 - httpcore.http2 - DEBUG - receive_response_body.complete
2025-07-13 08:50:59,789 - httpcore.http2 - DEBUG - response_closed.started stream_id=1
2025-07-13 08:50:59,789 - httpcore.http2 - DEBUG - response_closed.complete
2025-07-13 08:50:59,793 - __main__ - INFO - Table 'profiles' exists and is accessible
2025-07-13 08:50:59,794 - httpcore.http2 - DEBUG - send_request_headers.started request=<Request [b'GET']> stream_id=3
2025-07-13 08:50:59,795 - hpack.hpack - DEBUG - Adding (b':method', b'GET') to the header table, sensitive:False, huffman:True
2025-07-13 08:50:59,795 - hpack.hpack - DEBUG - Encoding 2 with 7 bits
2025-07-13 08:50:59,795 - hpack.hpack - DEBUG - Adding (b':authority', b'ktwemgwubqvnmmgrixdg.supabase.co') to the header table, sensitive:False, huffman:True
2025-07-13 08:50:59,796 - hpack.hpack - DEBUG - Encoding 70 with 7 bits
2025-07-13 08:50:59,796 - hpack.hpack - DEBUG - Adding (b':scheme', b'https') to the header table, sensitive:False, huffman:True
2025-07-13 08:50:59,796 - hpack.hpack - DEBUG - Encoding 7 with 7 bits
2025-07-13 08:50:59,796 - hpack.hpack - DEBUG - Adding (b':path', b'/rest/v1/questions?select=%2A&limit=1') to the header table, sensitive:False, huffman:True
2025-07-13 08:50:59,796 - hpack.hpack - DEBUG - Encoding 4 with 6 bits
2025-07-13 08:50:59,797 - hpack.hpack - DEBUG - Encoding 27 with 7 bits
2025-07-13 08:50:59,797 - hpack.hpack - DEBUG - Adding (b'accept', b'*/*') to the header table, sensitive:False, huffman:True
2025-07-13 08:50:59,797 - hpack.hpack - DEBUG - Encoding 69 with 7 bits
2025-07-13 08:50:59,798 - hpack.hpack - DEBUG - Adding (b'accept-encoding', b'gzip, deflate, zstd') to the header table, sensitive:False, huffman:True
2025-07-13 08:50:59,799 - hpack.hpack - DEBUG - Encoding 68 with 7 bits
2025-07-13 08:50:59,800 - hpack.hpack - DEBUG - Adding (b'user-agent', b'python-httpx/0.28.1') to the header table, sensitive:False, huffman:True
2025-07-13 08:50:59,800 - hpack.hpack - DEBUG - Encoding 67 with 7 bits
2025-07-13 08:50:59,800 - hpack.hpack - DEBUG - Adding (b'x-client-info', b'supabase-py/2.16.0') to the header table, sensitive:False, huffman:True
2025-07-13 08:50:59,801 - hpack.hpack - DEBUG - Encoding 66 with 7 bits
2025-07-13 08:50:59,801 - hpack.hpack - DEBUG - Adding (b'apikey', b'eyJhbGciOiJIUzI1NiIsInR5cCI6IkpXVCJ9.eyJpc3MiOiJzdXBhYmFzZSIsInJlZiI6Imt0d2VtZ3d1YnF2bm1tZ3JpeGRnIiwicm9sZSI6ImFub24iLCJpYXQiOjE3NTIxMzQ5NTUsImV4cCI6MjA2NzcxMDk1NX0.CHxKFUjuIGo3aiPpvk6DCkv4itj1DteE6cuf9DrXX7c') to the header table, sensitive:False, huffman:True
2025-07-13 08:50:59,802 - hpack.hpack - DEBUG - Encoding 65 with 7 bits
2025-07-13 08:50:59,802 - hpack.hpack - DEBUG - Adding (b'authorization', b'Bearer eyJhbGciOiJIUzI1NiIsInR5cCI6IkpXVCJ9.eyJpc3MiOiJzdXBhYmFzZSIsInJlZiI6Imt0d2VtZ3d1YnF2bm1tZ3JpeGRnIiwicm9sZSI6ImFub24iLCJpYXQiOjE3NTIxMzQ5NTUsImV4cCI6MjA2NzcxMDk1NX0.CHxKFUjuIGo3aiPpvk6DCkv4itj1DteE6cuf9DrXX7c') to the header table, sensitive:True, huffman:True
2025-07-13 08:50:59,803 - hpack.hpack - DEBUG - Encoding 23 with 4 bits
2025-07-13 08:50:59,803 - hpack.hpack - DEBUG - Encoding 171 with 7 bits
2025-07-13 08:50:59,804 - hpack.hpack - DEBUG - Adding (b'accept-profile', b'public') to the header table, sensitive:False, huffman:True
2025-07-13 08:50:59,804 - hpack.hpack - DEBUG - Encoding 64 with 7 bits
2025-07-13 08:50:59,804 - hpack.hpack - DEBUG - Adding (b'content-profile', b'public') to the header table, sensitive:False, huffman:True
2025-07-13 08:50:59,805 - hpack.hpack - DEBUG - Encoding 63 with 7 bits
2025-07-13 08:50:59,805 - hpack.hpack - DEBUG - Adding (b'cookie', b'__cf_bm=VmrME7zU58xabXWc705K750jxV1F6UOCxUwdEUrULos-1752385858-1.0.1.1-EyHs.PmtQgam3BEJ3iWAbeHV2unOMPsYRd47SykbeRrveES8Q5xS147O0503c8eOM96HML4TQ7uTugqWKmYHC8Oo35BpSNvN_VD1qs12xck') to the header table, sensitive:False, huffman:True
2025-07-13 08:50:59,805 - hpack.hpack - DEBUG - Encoding 32 with 6 bits
2025-07-13 08:50:59,805 - hpack.hpack - DEBUG - Encoding 139 with 7 bits
2025-07-13 08:50:59,806 - hpack.hpack - DEBUG - Encoded header block to b'\x82\xc6\x87D\x9bb\xc2\xa1,w\x0b\x1d\xad*\x12c\xd4\x8f\xf1\x05\xa0\xa4L\n\x8a\x1f\x8a\rI\x93\x00\x7f\xc5\xc4\xc3\xc2\xc1\x1f\x08\xff,\xbaQ\xd8[\x14/\xac\xb3\xc7\x88\x86\xd4l\xb98{\xc8\x1d&\xc8\x8c\x95ml\x97\xb29\x93\xad\x7f\x9coe}r\xfa\xcbY\x19\xd0mF\xcb\xeeO\xcb\xb3\xf3\xa7\x0f\xbf\xdd\xd9\x11\x92\xac\xb4~\x9b#\x99)H$\x17\x14\xfe\xb3 y\xd5\x84Q\xd2\x14\xfe\xb3\x96\xb2\xe2\xdbVCx1)}\x1f\xbb\xb29\x92\x9c6\xc6&\x8d\x9e\xf6Z\xf9\xfel6\xae\x98\x19\xd3\xbf\'\x9d\x1e\xf67\xa7\x7f\x04d\xa7\x8bD\xbd\x91\xcd\x1d!\x16\x9fd\xf3\xa2\xffP\xe9\xfc\x02\xf7\xb1\xf9\xcd\x87\x87Krb;#6\xba\xfb\xf5r\xfd\xee\xbd\xda2z\x06\xfaK\x81\xc2[+\xf7\xec\xfc\xfct\x9f\xc0\xbf`\xff\x0c\x8a"K\x14t\xc1\xc6\x9b4`w\xdf\x06\xde\xf28\xff9\x11\xd07\x99\xd6\xc1\xd3\xcf\x10\xe1s\x86\xab\xdexx\x93\x07\x0b8g:\x16\x0b\xad\x89\x97\x9by\xb7\x96\n\xe0\\+\x85l\x1e\xb1\xa1}t\xa7d\xc3\xa5\x9b\xb82\xb2nP\xc6\\|EmZ\xb4kG=\xb24\xee\xef]c.\xdb;\x97\x06\xe7\xb67\xe7pZwP\x1b\x03$x\xba\xb4>\xe6=\x19\xda\xdf\xb1\xdbw\xdb7nY\xa9\xe7\x8e\xf3\xda\x8e\xcbwk\xdd\xa7\xbe\x98\xb8\xdf\x0fd\x04^I\xd7'
2025-07-13 08:50:59,807 - httpcore.http2 - DEBUG - send_request_headers.complete
2025-07-13 08:50:59,807 - httpcore.http2 - DEBUG - send_request_body.started request=<Request [b'GET']> stream_id=3
2025-07-13 08:50:59,807 - httpcore.http2 - DEBUG - send_request_body.complete
2025-07-13 08:50:59,808 - httpcore.http2 - DEBUG - receive_response_headers.started request=<Request [b'GET']> stream_id=3
2025-07-13 08:51:02,690 - hpack.hpack - DEBUG - Decoding b'\x88a\x96\xddm_J\x05\x952\xdbB\x82\x00\x9bP\r\xdcl7\x00\x151h\xdf\xcf^\x84\x02\xc0c\xe7\x7f\x0f\x8f}\xb2\xb8\xf0_\t%\x8d\x97Yy\xe5\xb2\xe9\xbb\xce\xcd]\x95c\xb5\xa5BLz\x91\xfePjL\x98\x03\xf0\x82\xd0R&\x05E\x0f\xcc\xcb\xca\xc9\xc8\xc7\xc6\x7f\x06\x012\xc4\xc3'
2025-07-13 08:51:02,691 - hpack.hpack - DEBUG - Decoded 8, consumed 1 bytes
2025-07-13 08:51:02,691 - hpack.hpack - DEBUG - Decoded (b':status', b'200'), consumed 1
2025-07-13 08:51:02,692 - hpack.hpack - DEBUG - Decoded 33, consumed 1 bytes
2025-07-13 08:51:02,692 - hpack.hpack - DEBUG - Decoded 22, consumed 1 bytes
2025-07-13 08:51:02,692 - hpack.hpack - DEBUG - Decoded (b'date', b'Sun, 13 Jul 2025 05:51:01 GMT'), total consumed 24 bytes, indexed True
2025-07-13 08:51:02,692 - hpack.hpack - DEBUG - Decoded 79, consumed 1 bytes
2025-07-13 08:51:02,693 - hpack.hpack - DEBUG - Decoded (b'content-type', b'application/json; charset=utf-8'), consumed 1
2025-07-13 08:51:02,693 - hpack.hpack - DEBUG - Decoded 30, consumed 1 bytes
2025-07-13 08:51:02,693 - hpack.hpack - DEBUG - Decoded 4, consumed 1 bytes
2025-07-13 08:51:02,694 - hpack.hpack - DEBUG - Decoded (b'content-range', b'0-0/*'), total consumed 6 bytes, indexed True
2025-07-13 08:51:02,694 - hpack.hpack - DEBUG - Decoded 78, consumed 2 bytes
2025-07-13 08:51:02,694 - hpack.hpack - DEBUG - Decoded 15, consumed 1 bytes
2025-07-13 08:51:02,694 - hpack.hpack - DEBUG - Decoded (b'cf-ray', b'95e68191cfb37388-JNB'), total consumed 18 bytes, indexed True
2025-07-13 08:51:02,694 - hpack.hpack - DEBUG - Decoded 78, consumed 1 bytes
2025-07-13 08:51:02,694 - hpack.hpack - DEBUG - Decoded (b'cf-cache-status', b'DYNAMIC'), consumed 1
2025-07-13 08:51:02,695 - hpack.hpack - DEBUG - Decoded 77, consumed 1 bytes
2025-07-13 08:51:02,695 - hpack.hpack - DEBUG - Decoded (b'content-encoding', b'gzip'), consumed 1
2025-07-13 08:51:02,695 - hpack.hpack - DEBUG - Decoded 29, consumed 1 bytes
2025-07-13 08:51:02,695 - hpack.hpack - DEBUG - Decoded 21, consumed 1 bytes
2025-07-13 08:51:02,695 - hpack.hpack - DEBUG - Decoded (b'content-location', b'/questions?limit=1&select=%2A'), total consumed 23 bytes, indexed True
2025-07-13 08:51:02,696 - hpack.hpack - DEBUG - Decoded 76, consumed 1 bytes
2025-07-13 08:51:02,696 - hpack.hpack - DEBUG - Decoded (b'strict-transport-security', b'max-age=31536000; includeSubDomains; preload'), consumed 1
2025-07-13 08:51:02,696 - hpack.hpack - DEBUG - Decoded 75, consumed 1 bytes
2025-07-13 08:51:02,696 - hpack.hpack - DEBUG - Decoded (b'vary', b'Accept-Encoding'), consumed 1
2025-07-13 08:51:02,696 - hpack.hpack - DEBUG - Decoded 74, consumed 1 bytes
2025-07-13 08:51:02,696 - hpack.hpack - DEBUG - Decoded (b'content-profile', b'public'), consumed 1
2025-07-13 08:51:02,697 - hpack.hpack - DEBUG - Decoded 73, consumed 1 bytes
2025-07-13 08:51:02,697 - hpack.hpack - DEBUG - Decoded (b'sb-gateway-version', <memory at 0x000001832B29C340>), consumed 1
2025-07-13 08:51:02,697 - hpack.hpack - DEBUG - Decoded 72, consumed 1 bytes
2025-07-13 08:51:02,697 - hpack.hpack - DEBUG - Decoded (b'sb-project-ref', b'ktwemgwubqvnmmgrixdg'), consumed 1
2025-07-13 08:51:02,697 - hpack.hpack - DEBUG - Decoded 71, consumed 1 bytes
2025-07-13 08:51:02,698 - hpack.hpack - DEBUG - Decoded (b'x-content-type-options', b'nosniff'), consumed 1
2025-07-13 08:51:02,698 - hpack.hpack - DEBUG - Decoded 70, consumed 1 bytes
2025-07-13 08:51:02,698 - hpack.hpack - DEBUG - Decoded (b'x-envoy-attempt-count', <memory at 0x000001832B29C280>), consumed 1
2025-07-13 08:51:02,698 - hpack.hpack - DEBUG - Decoded 69, consumed 2 bytes
2025-07-13 08:51:02,698 - hpack.hpack - DEBUG - Decoded 1, consumed 1 bytes
2025-07-13 08:51:02,699 - hpack.hpack - DEBUG - Decoded (b'x-envoy-upstream-service-time', <memory at 0x000001832B29C880>), total consumed 4 bytes, indexed True
2025-07-13 08:51:02,699 - hpack.hpack - DEBUG - Decoded 68, consumed 1 bytes
2025-07-13 08:51:02,699 - hpack.hpack - DEBUG - Decoded (b'server', b'cloudflare'), consumed 1
2025-07-13 08:51:02,699 - hpack.hpack - DEBUG - Decoded 67, consumed 1 bytes
2025-07-13 08:51:02,699 - hpack.hpack - DEBUG - Decoded (b'alt-svc', b'h3=":443"; ma=86400'), consumed 1
2025-07-13 08:51:02,700 - httpcore.http2 - DEBUG - receive_response_headers.complete return_value=(200, [(b'date', b'Sun, 13 Jul 2025 05:51:01 GMT'), (b'content-type', b'application/json; charset=utf-8'), (b'content-range', b'0-0/*'), (b'cf-ray', b'95e68191cfb37388-JNB'), (b'cf-cache-status', b'DYNAMIC'), (b'content-encoding', b'gzip'), (b'content-location', b'/questions?limit=1&select=%2A'), (b'strict-transport-security', b'max-age=31536000; includeSubDomains; preload'), (b'vary', b'Accept-Encoding'), (b'content-profile', b'public'), (b'sb-gateway-version', b'1'), (b'sb-project-ref', b'ktwemgwubqvnmmgrixdg'), (b'x-content-type-options', b'nosniff'), (b'x-envoy-attempt-count', b'1'), (b'x-envoy-upstream-service-time', b'2'), (b'server', b'cloudflare'), (b'alt-svc', b'h3=":443"; ma=86400')])
2025-07-13 08:51:02,701 - httpx - INFO - HTTP Request: GET https://ktwemgwubqvnmmgrixdg.supabase.co/rest/v1/questions?select=%2A&limit=1 "HTTP/2 200 OK"
2025-07-13 08:51:02,701 - httpcore.http2 - DEBUG - receive_response_body.started request=<Request [b'GET']> stream_id=3
2025-07-13 08:51:02,702 - httpcore.http2 - DEBUG - receive_response_body.complete
2025-07-13 08:51:02,702 - httpcore.http2 - DEBUG - response_closed.started stream_id=3
2025-07-13 08:51:02,702 - httpcore.http2 - DEBUG - response_closed.complete
2025-07-13 08:51:02,703 - __main__ - INFO - Table 'questions' exists and is accessible
2025-07-13 08:51:02,704 - httpcore.http2 - DEBUG - send_request_headers.started request=<Request [b'GET']> stream_id=5
2025-07-13 08:51:02,704 - hpack.hpack - DEBUG - Adding (b':method', b'GET') to the header table, sensitive:False, huffman:True
2025-07-13 08:51:02,705 - hpack.hpack - DEBUG - Encoding 2 with 7 bits
2025-07-13 08:51:02,705 - hpack.hpack - DEBUG - Adding (b':authority', b'ktwemgwubqvnmmgrixdg.supabase.co') to the header table, sensitive:False, huffman:True
2025-07-13 08:51:02,705 - hpack.hpack - DEBUG - Encoding 72 with 7 bits
2025-07-13 08:51:02,705 - hpack.hpack - DEBUG - Adding (b':scheme', b'https') to the header table, sensitive:False, huffman:True
2025-07-13 08:51:02,705 - hpack.hpack - DEBUG - Encoding 7 with 7 bits
2025-07-13 08:51:02,706 - hpack.hpack - DEBUG - Adding (b':path', b'/rest/v1/questionnaire_responses?select=%2A&limit=1') to the header table, sensitive:False, huffman:True
2025-07-13 08:51:02,706 - hpack.hpack - DEBUG - Encoding 4 with 6 bits
2025-07-13 08:51:02,706 - hpack.hpack - DEBUG - Encoding 36 with 7 bits
2025-07-13 08:51:02,706 - hpack.hpack - DEBUG - Adding (b'accept', b'*/*') to the header table, sensitive:False, huffman:True
2025-07-13 08:51:02,707 - hpack.hpack - DEBUG - Encoding 71 with 7 bits
2025-07-13 08:51:02,707 - hpack.hpack - DEBUG - Adding (b'accept-encoding', b'gzip, deflate, zstd') to the header table, sensitive:False, huffman:True
2025-07-13 08:51:02,707 - hpack.hpack - DEBUG - Encoding 70 with 7 bits
2025-07-13 08:51:02,707 - hpack.hpack - DEBUG - Adding (b'user-agent', b'python-httpx/0.28.1') to the header table, sensitive:False, huffman:True
2025-07-13 08:51:02,708 - hpack.hpack - DEBUG - Encoding 69 with 7 bits
2025-07-13 08:51:02,708 - hpack.hpack - DEBUG - Adding (b'x-client-info', b'supabase-py/2.16.0') to the header table, sensitive:False, huffman:True
2025-07-13 08:51:02,708 - hpack.hpack - DEBUG - Encoding 68 with 7 bits
2025-07-13 08:51:02,708 - hpack.hpack - DEBUG - Adding (b'apikey', b'eyJhbGciOiJIUzI1NiIsInR5cCI6IkpXVCJ9.eyJpc3MiOiJzdXBhYmFzZSIsInJlZiI6Imt0d2VtZ3d1YnF2bm1tZ3JpeGRnIiwicm9sZSI6ImFub24iLCJpYXQiOjE3NTIxMzQ5NTUsImV4cCI6MjA2NzcxMDk1NX0.CHxKFUjuIGo3aiPpvk6DCkv4itj1DteE6cuf9DrXX7c') to the header table, sensitive:False, huffman:True
2025-07-13 08:51:02,708 - hpack.hpack - DEBUG - Encoding 67 with 7 bits
2025-07-13 08:51:02,709 - hpack.hpack - DEBUG - Adding (b'authorization', b'Bearer eyJhbGciOiJIUzI1NiIsInR5cCI6IkpXVCJ9.eyJpc3MiOiJzdXBhYmFzZSIsInJlZiI6Imt0d2VtZ3d1YnF2bm1tZ3JpeGRnIiwicm9sZSI6ImFub24iLCJpYXQiOjE3NTIxMzQ5NTUsImV4cCI6MjA2NzcxMDk1NX0.CHxKFUjuIGo3aiPpvk6DCkv4itj1DteE6cuf9DrXX7c') to the header table, sensitive:True, huffman:True
2025-07-13 08:51:02,709 - hpack.hpack - DEBUG - Encoding 23 with 4 bits
2025-07-13 08:51:02,709 - hpack.hpack - DEBUG - Encoding 171 with 7 bits
2025-07-13 08:51:02,709 - hpack.hpack - DEBUG - Adding (b'accept-profile', b'public') to the header table, sensitive:False, huffman:True
2025-07-13 08:51:02,710 - hpack.hpack - DEBUG - Encoding 66 with 7 bits
2025-07-13 08:51:02,710 - hpack.hpack - DEBUG - Adding (b'content-profile', b'public') to the header table, sensitive:False, huffman:True
2025-07-13 08:51:02,710 - hpack.hpack - DEBUG - Encoding 65 with 7 bits
2025-07-13 08:51:02,710 - hpack.hpack - DEBUG - Adding (b'cookie', b'__cf_bm=VmrME7zU58xabXWc705K750jxV1F6UOCxUwdEUrULos-1752385858-1.0.1.1-EyHs.PmtQgam3BEJ3iWAbeHV2unOMPsYRd47SykbeRrveES8Q5xS147O0503c8eOM96HML4TQ7uTugqWKmYHC8Oo35BpSNvN_VD1qs12xck') to the header table, sensitive:False, huffman:True
2025-07-13 08:51:02,710 - hpack.hpack - DEBUG - Encoding 63 with 7 bits
2025-07-13 08:51:02,711 - hpack.hpack - DEBUG - Encoded header block to b"\x82\xc8\x87D\xa4b\xc2\xa1,w\x0b\x1d\xad*\x12c\xd5P\xcdab\xb0\xa8\xac\xf5 \xa8\xff\x10Z\nD\xc0\xa8\xa1\xf8\xa0\xd4\x990\x07\xc7\xc6\xc5\xc4\xc3\x1f\x08\xff,\xbaQ\xd8[\x14/\xac\xb3\xc7\x88\x86\xd4l\xb98{\xc8\x1d&\xc8\x8c\x95ml\x97\xb29\x93\xad\x7f\x9coe}r\xfa\xcbY\x19\xd0mF\xcb\xeeO\xcb\xb3\xf3\xa7\x0f\xbf\xdd\xd9\x11\x92\xac\xb4~\x9b#\x99)H$\x17\x14\xfe\xb3 y\xd5\x84Q\xd2\x14\xfe\xb3\x96\xb2\xe2\xdbVCx1)}\x1f\xbb\xb29\x92\x9c6\xc6&\x8d\x9e\xf6Z\xf9\xfel6\xae\x98\x19\xd3\xbf'\x9d\x1e\xf67\xa7\x7f\x04d\xa7\x8bD\xbd\x91\xcd\x1d!\x16\x9fd\xf3\xa2\xffP\xe9\xfc\x02\xf7\xb1\xf9\xcd\x87\x87Krb;#6\xba\xfb\xf5r\xfd\xee\xbd\xda2z\x06\xfaK\x81\xc2[+\xf7\xec\xfc\xfct\x9f\xc2\xc1\xbf"
2025-07-13 08:51:02,712 - httpcore.http2 - DEBUG - send_request_headers.complete
2025-07-13 08:51:02,712 - httpcore.http2 - DEBUG - send_request_body.started request=<Request [b'GET']> stream_id=5
2025-07-13 08:51:02,712 - httpcore.http2 - DEBUG - send_request_body.complete
2025-07-13 08:51:02,712 - httpcore.http2 - DEBUG - receive_response_headers.started request=<Request [b'GET']> stream_id=5
2025-07-13 08:51:03,770 - hpack.hpack - DEBUG - Decoding b'\x88a\x96\xddm_J\x05\x952\xdbB\x82\x00\x9bP\r\xdcl7\x00%1h\xdf\xd4\xd3\x7f\x13\x8f}\xb2\xb8\xf0_l\xb1\xba\xf3\xac\xbc\xf2\xd9t\xdd\xd2\xd1]\x9fc\xb5\xa5BLz\xaa\x19\xac,V\x15\x15\x9e\xa4\x15\x1f\xe5\x06\xa4\xc9\x80?\x08-\x05"`TP\xff\xd0\xcf\xce\xcd\xcc\xcb\xca\x7f\n\x014\xc8\xc7'
2025-07-13 08:51:03,770 - hpack.hpack - DEBUG - Decoded 8, consumed 1 bytes
2025-07-13 08:51:03,771 - hpack.hpack - DEBUG - Decoded (b':status', b'200'), consumed 1
2025-07-13 08:51:03,771 - hpack.hpack - DEBUG - Decoded 33, consumed 1 bytes
2025-07-13 08:51:03,771 - hpack.hpack - DEBUG - Decoded 22, consumed 1 bytes
2025-07-13 08:51:03,771 - hpack.hpack - DEBUG - Decoded (b'date', b'Sun, 13 Jul 2025 05:51:02 GMT'), total consumed 24 bytes, indexed True
2025-07-13 08:51:03,772 - hpack.hpack - DEBUG - Decoded 84, consumed 1 bytes
2025-07-13 08:51:03,772 - hpack.hpack - DEBUG - Decoded (b'content-type', b'application/json; charset=utf-8'), consumed 1
2025-07-13 08:51:03,772 - hpack.hpack - DEBUG - Decoded 83, consumed 1 bytes
2025-07-13 08:51:03,772 - hpack.hpack - DEBUG - Decoded (b'content-range', <memory at 0x000001832B29C4C0>), consumed 1
2025-07-13 08:51:03,772 - hpack.hpack - DEBUG - Decoded 82, consumed 2 bytes
2025-07-13 08:51:03,773 - hpack.hpack - DEBUG - Decoded 15, consumed 1 bytes
2025-07-13 08:51:03,773 - hpack.hpack - DEBUG - Decoded (b'cf-ray', b'95e68195eb787388-JNB'), total consumed 18 bytes, indexed True
2025-07-13 08:51:03,773 - hpack.hpack - DEBUG - Decoded 82, consumed 1 bytes
2025-07-13 08:51:03,773 - hpack.hpack - DEBUG - Decoded (b'cf-cache-status', b'DYNAMIC'), consumed 1
2025-07-13 08:51:03,774 - hpack.hpack - DEBUG - Decoded 81, consumed 1 bytes
2025-07-13 08:51:03,774 - hpack.hpack - DEBUG - Decoded (b'content-encoding', b'gzip'), consumed 1
2025-07-13 08:51:03,774 - hpack.hpack - DEBUG - Decoded 29, consumed 1 bytes
2025-07-13 08:51:03,774 - hpack.hpack - DEBUG - Decoded 31, consumed 1 bytes
2025-07-13 08:51:03,775 - hpack.hpack - DEBUG - Decoded (b'content-location', b'/questionnaire_responses?limit=1&select=%2A'), total consumed 33 bytes, indexed True
2025-07-13 08:51:03,775 - hpack.hpack - DEBUG - Decoded 80, consumed 1 bytes
2025-07-13 08:51:03,775 - hpack.hpack - DEBUG - Decoded (b'strict-transport-security', b'max-age=31536000; includeSubDomains; preload'), consumed 1
2025-07-13 08:51:03,775 - hpack.hpack - DEBUG - Decoded 79, consumed 1 bytes
2025-07-13 08:51:03,776 - hpack.hpack - DEBUG - Decoded (b'vary', b'Accept-Encoding'), consumed 1
2025-07-13 08:51:03,776 - hpack.hpack - DEBUG - Decoded 78, consumed 1 bytes
2025-07-13 08:51:03,776 - hpack.hpack - DEBUG - Decoded (b'content-profile', b'public'), consumed 1
2025-07-13 08:51:03,776 - hpack.hpack - DEBUG - Decoded 77, consumed 1 bytes
2025-07-13 08:51:03,776 - hpack.hpack - DEBUG - Decoded (b'sb-gateway-version', <memory at 0x000001832B29C340>), consumed 1
2025-07-13 08:51:03,777 - hpack.hpack - DEBUG - Decoded 76, consumed 1 bytes
2025-07-13 08:51:03,777 - hpack.hpack - DEBUG - Decoded (b'sb-project-ref', b'ktwemgwubqvnmmgrixdg'), consumed 1
2025-07-13 08:51:03,777 - hpack.hpack - DEBUG - Decoded 75, consumed 1 bytes
2025-07-13 08:51:03,777 - hpack.hpack - DEBUG - Decoded (b'x-content-type-options', b'nosniff'), consumed 1
2025-07-13 08:51:03,777 - hpack.hpack - DEBUG - Decoded 74, consumed 1 bytes
2025-07-13 08:51:03,778 - hpack.hpack - DEBUG - Decoded (b'x-envoy-attempt-count', <memory at 0x000001832B29C280>), consumed 1
2025-07-13 08:51:03,778 - hpack.hpack - DEBUG - Decoded 73, consumed 2 bytes
2025-07-13 08:51:03,778 - hpack.hpack - DEBUG - Decoded 1, consumed 1 bytes
2025-07-13 08:51:03,778 - hpack.hpack - DEBUG - Decoded (b'x-envoy-upstream-service-time', <memory at 0x000001832B29CAC0>), total consumed 4 bytes, indexed True
2025-07-13 08:51:03,779 - hpack.hpack - DEBUG - Decoded 72, consumed 1 bytes
2025-07-13 08:51:03,779 - hpack.hpack - DEBUG - Decoded (b'server', b'cloudflare'), consumed 1
2025-07-13 08:51:03,779 - hpack.hpack - DEBUG - Decoded 71, consumed 1 bytes
2025-07-13 08:51:03,779 - hpack.hpack - DEBUG - Decoded (b'alt-svc', b'h3=":443"; ma=86400'), consumed 1
2025-07-13 08:51:03,780 - httpcore.http2 - DEBUG - receive_response_headers.complete return_value=(200, [(b'date', b'Sun, 13 Jul 2025 05:51:02 GMT'), (b'content-type', b'application/json; charset=utf-8'), (b'content-range', b'*/*'), (b'cf-ray', b'95e68195eb787388-JNB'), (b'cf-cache-status', b'DYNAMIC'), (b'content-encoding', b'gzip'), (b'content-location', b'/questionnaire_responses?limit=1&select=%2A'), (b'strict-transport-security', b'max-age=31536000; includeSubDomains; preload'), (b'vary', b'Accept-Encoding'), (b'content-profile', b'public'), (b'sb-gateway-version', b'1'), (b'sb-project-ref', b'ktwemgwubqvnmmgrixdg'), (b'x-content-type-options', b'nosniff'), (b'x-envoy-attempt-count', b'1'), (b'x-envoy-upstream-service-time', b'4'), (b'server', b'cloudflare'), (b'alt-svc', b'h3=":443"; ma=86400')])
2025-07-13 08:51:03,780 - httpx - INFO - HTTP Request: GET https://ktwemgwubqvnmmgrixdg.supabase.co/rest/v1/questionnaire_responses?select=%2A&limit=1 "HTTP/2 200 OK"
2025-07-13 08:51:03,781 - httpcore.http2 - DEBUG - receive_response_body.started request=<Request [b'GET']> stream_id=5
2025-07-13 08:51:03,781 - httpcore.http2 - DEBUG - receive_response_body.complete
2025-07-13 08:51:03,782 - httpcore.http2 - DEBUG - response_closed.started stream_id=5
2025-07-13 08:51:03,782 - httpcore.http2 - DEBUG - response_closed.complete
2025-07-13 08:51:03,782 - __main__ - INFO - Table 'questionnaire_responses' exists and is accessible
2025-07-13 08:51:03,782 - __main__ - INFO - Please ensure 'pgvector' extension is enabled via Supabase SQL Editor with: CREATE EXTENSION IF NOT EXISTS vector;
2025-07-13 08:51:03,783 - __main__ - INFO - Supabase client verification completed. Schema setup should be done via SQL Editor.
